<?xml version="1.0" encoding="UTF-8"?>
<coverage generated="1594845725326" clover="3.2.0">
  <project timestamp="1594845725327" name="All files">
    <metrics statements="2" coveredstatements="1" conditionals="0" coveredconditionals="0" methods="2" coveredmethods="1" elements="4" coveredelements="2" complexity="0" loc="2" ncloc="2" packages="1" files="1" classes="1"/>
    <file name="Foo.vue" path="/home/rauf/Рабочий стол/vue/vuebarcode/src/components/Foo.vue">
      <metrics statements="2" coveredstatements="1" conditionals="0" coveredconditionals="0" methods="2" coveredmethods="1"/>
      <line num="13" count="1" type="stmt"/>
      <line num="20" count="0" type="stmt"/>
    </file>
  </project>
</coverage>
