{"/home/rauf/Рабочий стол/vue/vuebarcode/src/components/Foo.vue": {"path":"/home/rauf/Рабочий стол/vue/vuebarcode/src/components/Foo.vue","statementMap":{"0":{"start":{"line":13,"column":0},"end":{"line":13,"column":null}},"1":{"start":{"line":20,"column":0},"end":{"line":20,"column":null}}},"fnMap":{"0":{"name":"data","decl":{"start":{"line":12,"column":0},"end":{"line":12,"column":null}},"loc":{"start":{"line":12,"column":0},"end":{"line":16,"column":null}}},"1":{"name":"changeMessage","decl":{"start":{"line":19,"column":0},"end":{"line":19,"column":null}},"loc":{"start":{"line":19,"column":0},"end":{"line":21,"column":null}}}},"branchMap":{},"s":{"0":1,"1":0},"f":{"0":1,"1":0},"b":{}}
}
